<?xml version="1.0" encoding="UTF-8"?>
<!-- Generated by org.testng.reporters.JUnitXMLReporter -->
<testsuite ignored="0" hostname="DUC-LAn20q3gaZ3" failures="1" tests="2" name="Test" time="21.748" errors="0" timestamp="2025-09-09T14:35:22 IST">
  <testcase classname="com.tutorialsninja.qa.testcases.Register" name="verifyRegisterPage" time="3.148"/>
  <testcase classname="com.tutorialsninja.qa.testcases.Register" name="verifyRegisterPageWithEmptyValues" time="1.697">
    <failure type="java.lang.AssertionError" message="Warning: You must agree to the Privacy Policy! expected [First Name must be between 1 and 32 characters!] but found [Warning: You must agree to the Privacy Policy!]">
      <![CDATA[java.lang.AssertionError: Warning: You must agree to the Privacy Policy! expected [First Name must be between 1 and 32 characters!] but found [Warning: You must agree to the Privacy Policy!]
at com.tutorialsninja.qa.testcases.Register.verifyRegisterPageWithEmptyValues(Register.java:49)
at java.base/java.util.ArrayList.forEach(ArrayList.java:1597)
... Removed 30 stack frames]]>
    </failure>
  </testcase> <!-- verifyRegisterPageWithEmptyValues -->
</testsuite> <!-- Test -->
